[Tue Sep 20 19:14:42.577453 2016] [ssl:warn] [pid 11848:tid 572] AH01909: test1.ru:443:0 server certificate does NOT include an ID which matches the server name
[Tue Sep 20 19:14:42.579456 2016] [ssl:warn] [pid 11848:tid 572] AH01909: subdomain.test1.ru:443:0 server certificate does NOT include an ID which matches the server name
[Tue Sep 20 19:14:42.580458 2016] [ssl:warn] [pid 11848:tid 572] AH01909: subdomain.localhost:443:0 server certificate does NOT include an ID which matches the server name
[Tue Sep 20 19:14:42.580458 2016] [ssl:warn] [pid 11848:tid 572] AH01909: custom:443:0 server certificate does NOT include an ID which matches the server name
[Tue Sep 20 19:14:42.581458 2016] [ssl:warn] [pid 11848:tid 572] AH01909: localhost:443:0 server certificate does NOT include an ID which matches the server name
[Tue Sep 20 19:14:42.704541 2016] [ssl:warn] [pid 11848:tid 572] AH01909: test1.ru:443:0 server certificate does NOT include an ID which matches the server name
[Tue Sep 20 19:14:42.705542 2016] [ssl:warn] [pid 11848:tid 572] AH01909: subdomain.test1.ru:443:0 server certificate does NOT include an ID which matches the server name
[Tue Sep 20 19:14:42.705542 2016] [ssl:warn] [pid 11848:tid 572] AH01909: subdomain.localhost:443:0 server certificate does NOT include an ID which matches the server name
[Tue Sep 20 19:14:42.706542 2016] [ssl:warn] [pid 11848:tid 572] AH01909: custom:443:0 server certificate does NOT include an ID which matches the server name
[Tue Sep 20 19:14:42.706542 2016] [ssl:warn] [pid 11848:tid 572] AH01909: localhost:443:0 server certificate does NOT include an ID which matches the server name
Failed loading /usr/local/php5/ext\\usr\local\php5\ext\php_xdebug-2.4.1-7.0-vc14-nts.dll
[Tue Sep 20 19:14:42.730592 2016] [mpm_winnt:notice] [pid 11848:tid 572] AH00455: Apache/2.4.23 (Win32) OpenSSL/1.0.2h PHP/7.0.10 configured -- resuming normal operations
[Tue Sep 20 19:14:42.730592 2016] [mpm_winnt:notice] [pid 11848:tid 572] AH00456: Apache Lounge VC14 Server built: Jul  1 2016 11:09:37
[Tue Sep 20 19:14:42.730592 2016] [core:notice] [pid 11848:tid 572] AH00094: Command line: 'httpd.exe -d Z:/usr/local/apache'
[Tue Sep 20 19:14:42.740599 2016] [mpm_winnt:notice] [pid 11848:tid 572] AH00418: Parent: Created child process 3708
[Tue Sep 20 19:14:43.301117 2016] [ssl:warn] [pid 3708:tid 596] AH01909: test1.ru:443:0 server certificate does NOT include an ID which matches the server name
[Tue Sep 20 19:14:43.303119 2016] [ssl:warn] [pid 3708:tid 596] AH01909: subdomain.test1.ru:443:0 server certificate does NOT include an ID which matches the server name
[Tue Sep 20 19:14:43.303119 2016] [ssl:warn] [pid 3708:tid 596] AH01909: subdomain.localhost:443:0 server certificate does NOT include an ID which matches the server name
[Tue Sep 20 19:14:43.304120 2016] [ssl:warn] [pid 3708:tid 596] AH01909: custom:443:0 server certificate does NOT include an ID which matches the server name
[Tue Sep 20 19:14:43.305121 2016] [ssl:warn] [pid 3708:tid 596] AH01909: localhost:443:0 server certificate does NOT include an ID which matches the server name
[Tue Sep 20 19:14:43.432273 2016] [ssl:warn] [pid 3708:tid 596] AH01909: test1.ru:443:0 server certificate does NOT include an ID which matches the server name
[Tue Sep 20 19:14:43.433273 2016] [ssl:warn] [pid 3708:tid 596] AH01909: subdomain.test1.ru:443:0 server certificate does NOT include an ID which matches the server name
[Tue Sep 20 19:14:43.433273 2016] [ssl:warn] [pid 3708:tid 596] AH01909: subdomain.localhost:443:0 server certificate does NOT include an ID which matches the server name
[Tue Sep 20 19:14:43.434274 2016] [ssl:warn] [pid 3708:tid 596] AH01909: custom:443:0 server certificate does NOT include an ID which matches the server name
[Tue Sep 20 19:14:43.435274 2016] [ssl:warn] [pid 3708:tid 596] AH01909: localhost:443:0 server certificate does NOT include an ID which matches the server name
Failed loading /usr/local/php5/ext\\usr\local\php5\ext\php_xdebug-2.4.1-7.0-vc14-nts.dll
[Tue Sep 20 19:14:43.451285 2016] [mpm_winnt:notice] [pid 3708:tid 596] AH00354: Child: Starting 64 worker threads.
